2025-09-22 09:16:31,789 - INFO - --- Live ORB Agent Initialized ---
2025-09-22 09:16:31,789 - INFO - Today's date: 2025-09-22. Waiting for market open...
2025-09-22 09:16:32,308 - INFO - Status Updated: Signal=DEFINING_RANGE, OR High=967.0, OR Low=964.0
2025-09-22 09:17:32,485 - INFO - Status Updated: Signal=DEFINING_RANGE, OR High=967.0, OR Low=964.0
2025-09-22 09:18:32,972 - INFO - Status Updated: Signal=DEFINING_RANGE, OR High=967.0, OR Low=964.0
2025-09-22 09:19:33,097 - INFO - Status Updated: Signal=DEFINING_RANGE, OR High=967.0, OR Low=964.0
2025-09-22 09:20:33,220 - INFO - Status Updated: Signal=DEFINING_RANGE, OR High=967.0, OR Low=964.0
2025-09-22 09:21:33,341 - INFO - Status Updated: Signal=DEFINING_RANGE, OR High=967.0, OR Low=964.0
2025-09-22 09:22:33,459 - INFO - Status Updated: Signal=DEFINING_RANGE, OR High=967.0, OR Low=964.0
2025-09-22 09:23:33,579 - INFO - Status Updated: Signal=DEFINING_RANGE, OR High=967.0, OR Low=964.0
2025-09-22 09:24:33,702 - INFO - Status Updated: Signal=DEFINING_RANGE, OR High=967.0, OR Low=964.0
2025-09-22 09:25:33,812 - INFO - Status Updated: Signal=DEFINING_RANGE, OR High=967.0, OR Low=964.0
2025-09-22 09:26:33,944 - INFO - Status Updated: Signal=DEFINING_RANGE, OR High=967.0, OR Low=964.0
2025-09-22 09:27:34,067 - INFO - Status Updated: Signal=DEFINING_RANGE, OR High=967.0, OR Low=964.0
2025-09-22 09:28:34,192 - INFO - Status Updated: Signal=DEFINING_RANGE, OR High=967.0, OR Low=964.0
2025-09-22 09:29:34,332 - INFO - Status Updated: Signal=DEFINING_RANGE, OR High=967.0, OR Low=964.0
2025-09-22 09:30:34,453 - INFO - Status Updated: Signal=DEFINING_RANGE, OR High=967.0, OR Low=964.0
2025-09-22 09:31:34,622 - INFO - Status Updated: Signal=DEFINING_RANGE, OR High=967.0, OR Low=964.0
2025-09-22 09:32:37,238 - INFO - Status Updated: Signal=DEFINING_RANGE, OR High=967.0, OR Low=964.0
2025-09-22 09:33:37,414 - INFO - Status Updated: Signal=DEFINING_RANGE, OR High=967.0, OR Low=964.0
2025-09-22 09:34:37,544 - INFO - Status Updated: Signal=DEFINING_RANGE, OR High=967.0, OR Low=964.0
2025-09-22 09:35:37,682 - INFO - Status Updated: Signal=DEFINING_RANGE, OR High=967.0, OR Low=964.0
2025-09-22 09:36:37,832 - INFO - Status Updated: Signal=DEFINING_RANGE, OR High=967.0, OR Low=964.0
2025-09-22 09:37:37,982 - INFO - Status Updated: Signal=DEFINING_RANGE, OR High=967.0, OR Low=964.0
2025-09-22 09:38:38,116 - INFO - Status Updated: Signal=DEFINING_RANGE, OR High=967.0, OR Low=964.0
2025-09-22 09:39:38,263 - INFO - Status Updated: Signal=DEFINING_RANGE, OR High=967.0, OR Low=964.0
2025-09-22 09:40:38,421 - INFO - Status Updated: Signal=DEFINING_RANGE, OR High=967.0, OR Low=964.0
2025-09-22 09:41:38,572 - INFO - Status Updated: Signal=DEFINING_RANGE, OR High=967.0, OR Low=964.0
2025-09-22 09:42:38,708 - INFO - Status Updated: Signal=DEFINING_RANGE, OR High=967.0, OR Low=964.0
2025-09-22 09:43:38,848 - INFO - Status Updated: Signal=DEFINING_RANGE, OR High=967.0, OR Low=964.0
2025-09-22 09:44:39,002 - INFO - Status Updated: Signal=DEFINING_RANGE, OR High=967.0, OR Low=964.0
2025-09-22 09:45:39,129 - INFO - Status Updated: Signal=HOLD, OR High=967.0, OR Low=964.0
2025-09-22 09:46:39,262 - INFO - Status Updated: Signal=HOLD, OR High=967.0, OR Low=964.0
2025-09-22 09:47:39,392 - INFO - Status Updated: Signal=HOLD, OR High=967.0, OR Low=964.0
2025-09-22 09:48:39,521 - INFO - Status Updated: Signal=HOLD, OR High=967.0, OR Low=964.0
2025-09-22 09:49:39,682 - INFO - Status Updated: Signal=HOLD, OR High=967.0, OR Low=964.0
2025-09-22 09:50:39,813 - INFO - Status Updated: Signal=HOLD, OR High=967.0, OR Low=964.0
2025-09-22 09:51:39,925 - INFO - Status Updated: Signal=HOLD, OR High=967.0, OR Low=964.0
2025-09-22 09:52:40,085 - INFO - Status Updated: Signal=HOLD, OR High=967.0, OR Low=964.0
2025-09-22 09:53:40,226 - INFO - Status Updated: Signal=HOLD, OR High=967.0, OR Low=964.0
2025-09-22 09:54:40,394 - INFO - Status Updated: Signal=HOLD, OR High=967.0, OR Low=964.0
2025-09-22 09:55:40,555 - INFO - Status Updated: Signal=HOLD, OR High=967.0, OR Low=964.0
2025-09-22 09:56:40,678 - INFO - Status Updated: Signal=HOLD, OR High=967.0, OR Low=964.0
2025-09-22 09:57:40,813 - INFO - Status Updated: Signal=HOLD, OR High=967.0, OR Low=964.0
2025-09-22 09:58:40,944 - INFO - Status Updated: Signal=HOLD, OR High=967.0, OR Low=964.0
2025-09-22 09:59:41,111 - INFO - Status Updated: Signal=HOLD, OR High=967.0, OR Low=964.0
2025-09-22 10:00:41,263 - INFO - Status Updated: Signal=HOLD, OR High=967.0, OR Low=964.0
2025-09-22 10:01:41,382 - INFO - Status Updated: Signal=HOLD, OR High=967.0, OR Low=964.0
2025-09-22 10:02:41,574 - INFO - Status Updated: Signal=HOLD, OR High=967.0, OR Low=964.0
2025-09-22 10:03:41,778 - INFO - Status Updated: Signal=HOLD, OR High=967.0, OR Low=964.0
2025-09-22 10:04:41,920 - INFO - Status Updated: Signal=HOLD, OR High=967.0, OR Low=964.0
2025-09-22 10:05:42,044 - INFO - Status Updated: Signal=HOLD, OR High=967.0, OR Low=964.0
2025-09-22 10:06:42,184 - INFO - Status Updated: Signal=HOLD, OR High=967.0, OR Low=964.0
2025-09-22 10:07:42,323 - INFO - Status Updated: Signal=HOLD, OR High=967.0, OR Low=964.0
2025-09-22 10:08:42,450 - INFO - Status Updated: Signal=HOLD, OR High=967.0, OR Low=964.0
2025-09-22 10:09:42,602 - INFO - Status Updated: Signal=HOLD, OR High=967.0, OR Low=964.0
2025-09-22 10:10:42,763 - INFO - Status Updated: Signal=HOLD, OR High=967.0, OR Low=964.0
2025-09-22 10:11:42,909 - INFO - Status Updated: Signal=HOLD, OR High=967.0, OR Low=964.0
2025-09-22 10:12:43,049 - INFO - Status Updated: Signal=HOLD, OR High=967.0, OR Low=964.0
2025-09-22 10:13:43,212 - INFO - Status Updated: Signal=HOLD, OR High=967.0, OR Low=964.0
2025-09-22 10:14:43,339 - INFO - Status Updated: Signal=HOLD, OR High=967.0, OR Low=964.0
2025-09-22 10:15:43,479 - INFO - Status Updated: Signal=HOLD, OR High=967.0, OR Low=964.0
2025-09-22 10:16:43,630 - INFO - Status Updated: Signal=HOLD, OR High=967.0, OR Low=964.0
2025-09-22 10:17:43,767 - INFO - Status Updated: Signal=HOLD, OR High=967.0, OR Low=964.0
2025-09-22 10:18:43,924 - INFO - Status Updated: Signal=HOLD, OR High=967.0, OR Low=964.0
2025-09-22 10:19:44,071 - INFO - Status Updated: Signal=HOLD, OR High=967.0, OR Low=964.0
2025-09-22 10:20:44,197 - INFO - Status Updated: Signal=HOLD, OR High=967.0, OR Low=964.0
2025-09-22 10:21:44,347 - INFO - Status Updated: Signal=HOLD, OR High=967.0, OR Low=964.0
2025-09-22 10:22:44,528 - INFO - Status Updated: Signal=HOLD, OR High=967.0, OR Low=964.0
2025-09-22 10:23:44,763 - INFO - Status Updated: Signal=HOLD, OR High=967.0, OR Low=964.0
2025-09-22 10:24:44,896 - INFO - Status Updated: Signal=HOLD, OR High=967.0, OR Low=964.0
2025-09-22 10:25:45,095 - INFO - Status Updated: Signal=HOLD, OR High=967.0, OR Low=964.0
2025-09-22 10:26:45,231 - INFO - Status Updated: Signal=HOLD, OR High=967.0, OR Low=964.0
2025-09-22 10:27:45,444 - INFO - Status Updated: Signal=HOLD, OR High=967.0, OR Low=964.0
2025-09-22 10:28:45,584 - INFO - Status Updated: Signal=HOLD, OR High=967.0, OR Low=964.0
2025-09-22 10:29:45,719 - INFO - Status Updated: Signal=HOLD, OR High=967.0, OR Low=964.0
2025-09-22 10:30:45,868 - INFO - Status Updated: Signal=HOLD, OR High=967.0, OR Low=964.0
2025-09-22 10:31:46,023 - INFO - Status Updated: Signal=HOLD, OR High=967.0, OR Low=964.0
2025-09-22 10:32:46,152 - INFO - Status Updated: Signal=HOLD, OR High=967.0, OR Low=964.0
2025-09-22 10:33:46,285 - INFO - Status Updated: Signal=HOLD, OR High=967.0, OR Low=964.0
2025-09-22 10:34:46,427 - INFO - Status Updated: Signal=HOLD, OR High=967.0, OR Low=964.0
2025-09-22 10:35:46,562 - INFO - Status Updated: Signal=HOLD, OR High=967.0, OR Low=964.0
2025-09-22 10:36:46,691 - INFO - Status Updated: Signal=HOLD, OR High=967.0, OR Low=964.0
2025-09-22 10:37:46,830 - INFO - Status Updated: Signal=HOLD, OR High=967.0, OR Low=964.0
2025-09-22 10:38:46,967 - INFO - Status Updated: Signal=HOLD, OR High=967.0, OR Low=964.0
2025-09-22 10:39:47,091 - INFO - Status Updated: Signal=HOLD, OR High=967.0, OR Low=964.0
2025-09-22 10:40:47,240 - INFO - Status Updated: Signal=HOLD, OR High=967.0, OR Low=964.0
2025-09-22 10:41:47,389 - INFO - Status Updated: Signal=HOLD, OR High=967.0, OR Low=964.0
2025-09-22 10:42:47,522 - INFO - Status Updated: Signal=HOLD, OR High=967.0, OR Low=964.0
2025-09-22 10:43:47,657 - INFO - Status Updated: Signal=HOLD, OR High=967.0, OR Low=964.0
2025-09-22 10:44:47,803 - INFO - Status Updated: Signal=HOLD, OR High=967.0, OR Low=964.0
2025-09-22 10:45:47,956 - INFO - Status Updated: Signal=HOLD, OR High=967.0, OR Low=964.0
2025-09-22 10:46:48,102 - INFO - Status Updated: Signal=HOLD, OR High=967.0, OR Low=964.0
2025-09-22 10:47:48,253 - INFO - Status Updated: Signal=HOLD, OR High=967.0, OR Low=964.0
2025-09-22 10:48:48,402 - INFO - Status Updated: Signal=HOLD, OR High=967.0, OR Low=964.0
2025-09-22 10:49:48,537 - INFO - Status Updated: Signal=HOLD, OR High=967.0, OR Low=964.0
2025-09-22 10:50:48,680 - INFO - Status Updated: Signal=HOLD, OR High=967.0, OR Low=964.0
2025-09-22 10:51:48,823 - INFO - Status Updated: Signal=HOLD, OR High=967.0, OR Low=964.0
2025-09-22 10:52:48,980 - INFO - Status Updated: Signal=HOLD, OR High=967.0, OR Low=964.0
2025-09-22 10:53:49,123 - INFO - Status Updated: Signal=HOLD, OR High=967.0, OR Low=964.0
2025-09-22 10:54:49,281 - INFO - Status Updated: Signal=HOLD, OR High=967.0, OR Low=964.0
2025-09-22 10:55:49,431 - INFO - Status Updated: Signal=HOLD, OR High=967.0, OR Low=964.0
2025-09-22 10:56:49,571 - INFO - Status Updated: Signal=HOLD, OR High=967.0, OR Low=964.0
2025-09-22 10:57:49,719 - INFO - Status Updated: Signal=HOLD, OR High=967.0, OR Low=964.0
2025-09-22 10:58:49,873 - INFO - Status Updated: Signal=HOLD, OR High=967.0, OR Low=964.0
2025-09-22 10:59:50,032 - INFO - Status Updated: Signal=HOLD, OR High=967.0, OR Low=964.0
2025-09-22 11:00:50,172 - INFO - Status Updated: Signal=HOLD, OR High=967.0, OR Low=964.0
2025-09-22 11:01:50,337 - INFO - Status Updated: Signal=HOLD, OR High=967.0, OR Low=964.0
2025-09-22 11:02:50,478 - INFO - Status Updated: Signal=HOLD, OR High=967.0, OR Low=964.0
2025-09-22 11:03:50,627 - INFO - Status Updated: Signal=HOLD, OR High=967.0, OR Low=964.0
2025-09-22 11:04:50,766 - INFO - Status Updated: Signal=HOLD, OR High=967.0, OR Low=964.0
2025-09-22 11:05:50,925 - INFO - Status Updated: Signal=HOLD, OR High=967.0, OR Low=964.0
2025-09-22 11:06:51,104 - INFO - Status Updated: Signal=HOLD, OR High=967.0, OR Low=964.0
2025-09-22 11:07:51,252 - INFO - Status Updated: Signal=HOLD, OR High=967.0, OR Low=964.0
2025-09-22 11:08:51,420 - INFO - Status Updated: Signal=HOLD, OR High=967.0, OR Low=964.0
2025-09-22 11:09:51,569 - INFO - Status Updated: Signal=HOLD, OR High=967.0, OR Low=964.0
2025-09-22 11:10:51,755 - INFO - Status Updated: Signal=HOLD, OR High=967.0, OR Low=964.0
2025-09-22 11:11:51,892 - INFO - Status Updated: Signal=HOLD, OR High=967.0, OR Low=964.0
2025-09-22 11:12:52,111 - INFO - Status Updated: Signal=HOLD, OR High=967.0, OR Low=964.0
2025-09-22 11:13:52,241 - INFO - Status Updated: Signal=HOLD, OR High=967.0, OR Low=964.0
2025-09-22 11:14:52,383 - INFO - Status Updated: Signal=HOLD, OR High=967.0, OR Low=964.0
2025-09-22 11:15:52,503 - INFO - Status Updated: Signal=HOLD, OR High=967.0, OR Low=964.0
2025-09-22 11:16:52,639 - INFO - Status Updated: Signal=HOLD, OR High=967.0, OR Low=964.0
2025-09-22 11:17:52,775 - INFO - Status Updated: Signal=HOLD, OR High=967.0, OR Low=964.0
2025-09-22 11:18:53,310 - INFO - Status Updated: Signal=HOLD, OR High=967.0, OR Low=964.0
2025-09-22 11:19:53,452 - INFO - Status Updated: Signal=HOLD, OR High=967.0, OR Low=964.0
2025-09-22 11:20:54,003 - INFO - Status Updated: Signal=HOLD, OR High=967.0, OR Low=964.0
2025-09-22 11:21:54,138 - INFO - Status Updated: Signal=HOLD, OR High=967.0, OR Low=964.0
2025-09-22 11:22:54,628 - INFO - Status Updated: Signal=HOLD, OR High=967.0, OR Low=964.0
2025-09-22 11:23:54,807 - INFO - Status Updated: Signal=HOLD, OR High=967.0, OR Low=964.0
2025-09-22 11:24:54,925 - INFO - Status Updated: Signal=HOLD, OR High=967.0, OR Low=964.0
2025-09-22 11:25:55,061 - INFO - Status Updated: Signal=HOLD, OR High=967.0, OR Low=964.0
2025-09-22 11:26:55,628 - INFO - Status Updated: Signal=HOLD, OR High=967.0, OR Low=964.0
2025-09-22 11:27:55,773 - INFO - Status Updated: Signal=HOLD, OR High=967.0, OR Low=964.0
2025-09-22 11:28:55,920 - INFO - Status Updated: Signal=HOLD, OR High=967.0, OR Low=964.0
2025-09-22 11:29:56,042 - INFO - Status Updated: Signal=HOLD, OR High=967.0, OR Low=964.0
2025-09-22 11:30:56,183 - INFO - Status Updated: Signal=HOLD, OR High=967.0, OR Low=964.0
2025-09-22 11:31:56,338 - INFO - Status Updated: Signal=HOLD, OR High=967.0, OR Low=964.0
2025-09-22 11:32:56,478 - INFO - Status Updated: Signal=HOLD, OR High=967.0, OR Low=964.0
2025-09-22 11:33:56,610 - INFO - Status Updated: Signal=HOLD, OR High=967.0, OR Low=964.0
2025-09-22 11:34:56,748 - INFO - Status Updated: Signal=HOLD, OR High=967.0, OR Low=964.0
2025-09-22 11:35:56,905 - INFO - Status Updated: Signal=HOLD, OR High=967.0, OR Low=964.0
2025-09-22 11:36:57,041 - INFO - Status Updated: Signal=HOLD, OR High=967.0, OR Low=964.0
2025-09-22 11:37:57,186 - INFO - Status Updated: Signal=HOLD, OR High=967.0, OR Low=964.0
2025-09-22 11:38:57,331 - INFO - Status Updated: Signal=HOLD, OR High=967.0, OR Low=964.0
2025-09-22 11:39:57,461 - INFO - Status Updated: Signal=HOLD, OR High=967.0, OR Low=964.0
2025-09-22 11:40:57,643 - INFO - Status Updated: Signal=HOLD, OR High=967.0, OR Low=964.0
2025-09-22 11:41:57,795 - INFO - Status Updated: Signal=HOLD, OR High=967.0, OR Low=964.0
2025-09-22 11:42:57,944 - INFO - Status Updated: Signal=HOLD, OR High=967.0, OR Low=964.0
2025-09-22 11:43:58,092 - INFO - Status Updated: Signal=HOLD, OR High=967.0, OR Low=964.0
2025-09-22 11:44:58,234 - INFO - Status Updated: Signal=HOLD, OR High=967.0, OR Low=964.0
2025-09-22 11:45:58,366 - INFO - Status Updated: Signal=HOLD, OR High=967.0, OR Low=964.0
2025-09-22 11:46:58,505 - INFO - Status Updated: Signal=HOLD, OR High=967.0, OR Low=964.0
2025-09-22 11:47:58,752 - INFO - Status Updated: Signal=HOLD, OR High=967.0, OR Low=964.0
2025-09-22 11:48:58,905 - INFO - Status Updated: Signal=HOLD, OR High=967.0, OR Low=964.0
2025-09-22 11:49:59,066 - INFO - Status Updated: Signal=HOLD, OR High=967.0, OR Low=964.0
2025-09-22 11:50:59,213 - INFO - Status Updated: Signal=HOLD, OR High=967.0, OR Low=964.0
2025-09-22 11:51:59,410 - INFO - Status Updated: Signal=HOLD, OR High=967.0, OR Low=964.0
2025-09-22 11:52:59,559 - INFO - Status Updated: Signal=HOLD, OR High=967.0, OR Low=964.0
2025-09-22 11:53:59,701 - INFO - Status Updated: Signal=HOLD, OR High=967.0, OR Low=964.0
2025-09-22 11:54:59,842 - INFO - Status Updated: Signal=HOLD, OR High=967.0, OR Low=964.0
2025-09-22 11:56:00,010 - INFO - Status Updated: Signal=HOLD, OR High=967.0, OR Low=964.0
2025-09-22 11:57:00,202 - INFO - Status Updated: Signal=HOLD, OR High=967.0, OR Low=964.0
2025-09-22 11:58:00,379 - INFO - Status Updated: Signal=HOLD, OR High=967.0, OR Low=964.0
2025-09-22 11:59:00,588 - INFO - Status Updated: Signal=HOLD, OR High=967.0, OR Low=964.0
2025-09-22 12:00:01,024 - INFO - Status Updated: Signal=HOLD, OR High=967.0, OR Low=964.0
2025-09-22 12:01:01,176 - INFO - Status Updated: Signal=HOLD, OR High=967.0, OR Low=964.0
2025-09-22 12:02:01,322 - INFO - Status Updated: Signal=HOLD, OR High=967.0, OR Low=964.0
2025-09-22 12:03:01,474 - INFO - Status Updated: Signal=HOLD, OR High=967.0, OR Low=964.0
2025-09-22 12:04:01,618 - INFO - Status Updated: Signal=HOLD, OR High=967.0, OR Low=964.0
2025-09-22 12:05:01,801 - INFO - Status Updated: Signal=HOLD, OR High=967.0, OR Low=964.0
2025-09-22 12:06:01,942 - INFO - Status Updated: Signal=HOLD, OR High=967.0, OR Low=964.0
2025-09-22 12:07:02,074 - INFO - Status Updated: Signal=HOLD, OR High=967.0, OR Low=964.0
2025-09-22 12:08:02,212 - INFO - Status Updated: Signal=HOLD, OR High=967.0, OR Low=964.0
2025-09-22 12:09:02,345 - INFO - Status Updated: Signal=HOLD, OR High=967.0, OR Low=964.0
2025-09-22 12:10:02,503 - INFO - Status Updated: Signal=HOLD, OR High=967.0, OR Low=964.0
2025-09-22 12:11:02,636 - INFO - Status Updated: Signal=HOLD, OR High=967.0, OR Low=964.0
2025-09-22 12:12:02,787 - INFO - Status Updated: Signal=HOLD, OR High=967.0, OR Low=964.0
2025-09-22 12:13:02,930 - INFO - Status Updated: Signal=HOLD, OR High=967.0, OR Low=964.0
2025-09-22 12:14:03,084 - INFO - Status Updated: Signal=HOLD, OR High=967.0, OR Low=964.0
2025-09-22 12:15:03,240 - INFO - Status Updated: Signal=HOLD, OR High=967.0, OR Low=964.0
2025-09-22 12:16:03,395 - INFO - Status Updated: Signal=HOLD, OR High=967.0, OR Low=964.0
2025-09-22 12:17:03,532 - INFO - Status Updated: Signal=HOLD, OR High=967.0, OR Low=964.0
2025-09-22 12:18:03,681 - INFO - Status Updated: Signal=HOLD, OR High=967.0, OR Low=964.0
2025-09-22 12:19:03,847 - INFO - Status Updated: Signal=HOLD, OR High=967.0, OR Low=964.0
2025-09-22 12:20:03,993 - INFO - Status Updated: Signal=HOLD, OR High=967.0, OR Low=964.0
2025-09-22 12:21:04,162 - INFO - Status Updated: Signal=HOLD, OR High=967.0, OR Low=964.0
2025-09-22 12:22:04,352 - INFO - Status Updated: Signal=HOLD, OR High=967.0, OR Low=964.0
2025-09-22 12:23:04,502 - INFO - Status Updated: Signal=HOLD, OR High=967.0, OR Low=964.0
2025-09-22 12:24:04,656 - INFO - Status Updated: Signal=HOLD, OR High=967.0, OR Low=964.0
2025-09-22 12:25:04,795 - INFO - Status Updated: Signal=HOLD, OR High=967.0, OR Low=964.0
2025-09-22 12:26:04,938 - INFO - Status Updated: Signal=HOLD, OR High=967.0, OR Low=964.0
2025-09-22 12:27:05,090 - INFO - Status Updated: Signal=HOLD, OR High=967.0, OR Low=964.0
2025-09-22 12:28:05,239 - INFO - Status Updated: Signal=HOLD, OR High=967.0, OR Low=964.0
2025-09-22 12:29:05,414 - INFO - Status Updated: Signal=HOLD, OR High=967.0, OR Low=964.0
2025-09-22 12:30:05,554 - INFO - Status Updated: Signal=HOLD, OR High=967.0, OR Low=964.0
2025-09-22 12:31:05,705 - INFO - Status Updated: Signal=HOLD, OR High=967.0, OR Low=964.0
2025-09-22 12:32:05,851 - INFO - Status Updated: Signal=HOLD, OR High=967.0, OR Low=964.0
2025-09-22 12:33:06,039 - INFO - Status Updated: Signal=HOLD, OR High=967.0, OR Low=964.0
2025-09-22 12:34:06,178 - INFO - Status Updated: Signal=HOLD, OR High=967.0, OR Low=964.0
2025-09-22 12:35:06,300 - INFO - Status Updated: Signal=HOLD, OR High=967.0, OR Low=964.0
2025-09-22 12:36:06,464 - INFO - Status Updated: Signal=HOLD, OR High=967.0, OR Low=964.0
2025-09-22 12:37:06,619 - INFO - Status Updated: Signal=HOLD, OR High=967.0, OR Low=964.0
2025-09-22 12:38:06,744 - INFO - Status Updated: Signal=HOLD, OR High=967.0, OR Low=964.0
2025-09-22 12:39:06,896 - INFO - Status Updated: Signal=HOLD, OR High=967.0, OR Low=964.0
2025-09-22 12:40:07,050 - INFO - Status Updated: Signal=HOLD, OR High=967.0, OR Low=964.0
2025-09-22 12:41:07,198 - INFO - Status Updated: Signal=HOLD, OR High=967.0, OR Low=964.0
2025-09-22 12:42:07,321 - INFO - Status Updated: Signal=HOLD, OR High=967.0, OR Low=964.0
2025-09-22 12:43:07,451 - INFO - Status Updated: Signal=HOLD, OR High=967.0, OR Low=964.0
2025-09-22 12:44:07,578 - INFO - Status Updated: Signal=HOLD, OR High=967.0, OR Low=964.0
2025-09-22 12:45:07,706 - INFO - Status Updated: Signal=HOLD, OR High=967.0, OR Low=964.0
2025-09-22 12:46:07,841 - INFO - Status Updated: Signal=HOLD, OR High=967.0, OR Low=964.0
2025-09-22 12:47:07,968 - INFO - Status Updated: Signal=HOLD, OR High=967.0, OR Low=964.0
2025-09-22 12:48:08,146 - INFO - Status Updated: Signal=HOLD, OR High=967.0, OR Low=964.0
2025-09-22 12:49:08,316 - INFO - Status Updated: Signal=HOLD, OR High=967.0, OR Low=964.0
2025-09-22 12:50:08,445 - INFO - Status Updated: Signal=HOLD, OR High=967.0, OR Low=964.0
2025-09-22 12:51:08,563 - INFO - Status Updated: Signal=HOLD, OR High=967.0, OR Low=964.0
2025-09-22 12:52:08,685 - INFO - Status Updated: Signal=HOLD, OR High=967.0, OR Low=964.0
2025-09-22 12:53:08,823 - INFO - Status Updated: Signal=HOLD, OR High=967.0, OR Low=964.0
2025-09-22 12:54:08,941 - INFO - Status Updated: Signal=HOLD, OR High=967.0, OR Low=964.0
2025-09-22 12:55:09,094 - INFO - Status Updated: Signal=HOLD, OR High=967.0, OR Low=964.0
2025-09-22 12:56:09,212 - INFO - Status Updated: Signal=HOLD, OR High=967.0, OR Low=964.0
2025-09-22 12:57:09,323 - INFO - Status Updated: Signal=HOLD, OR High=967.0, OR Low=964.0
2025-09-22 12:58:09,448 - INFO - Status Updated: Signal=HOLD, OR High=967.0, OR Low=964.0
2025-09-22 12:59:09,589 - INFO - Status Updated: Signal=HOLD, OR High=967.0, OR Low=964.0
2025-09-22 13:00:09,706 - INFO - Status Updated: Signal=HOLD, OR High=967.0, OR Low=964.0
2025-09-22 13:01:09,833 - INFO - Status Updated: Signal=HOLD, OR High=967.0, OR Low=964.0
2025-09-22 13:02:09,944 - INFO - Status Updated: Signal=HOLD, OR High=967.0, OR Low=964.0
2025-09-22 13:03:10,064 - INFO - Status Updated: Signal=HOLD, OR High=967.0, OR Low=964.0
2025-09-22 13:04:10,210 - INFO - Status Updated: Signal=HOLD, OR High=967.0, OR Low=964.0
2025-09-22 13:05:10,321 - INFO - Status Updated: Signal=HOLD, OR High=967.0, OR Low=964.0
2025-09-22 13:06:10,455 - INFO - Status Updated: Signal=HOLD, OR High=967.0, OR Low=964.0
2025-09-22 13:07:10,609 - INFO - Status Updated: Signal=HOLD, OR High=967.0, OR Low=964.0
2025-09-22 13:08:10,797 - INFO - Status Updated: Signal=HOLD, OR High=967.0, OR Low=964.0
2025-09-22 13:09:10,923 - INFO - Status Updated: Signal=HOLD, OR High=967.0, OR Low=964.0
2025-09-22 13:10:11,030 - INFO - Status Updated: Signal=HOLD, OR High=967.0, OR Low=964.0
2025-09-22 13:11:11,152 - INFO - Status Updated: Signal=HOLD, OR High=967.0, OR Low=964.0
2025-09-22 13:12:11,288 - INFO - Status Updated: Signal=HOLD, OR High=967.0, OR Low=964.0
2025-09-22 13:13:11,418 - INFO - Status Updated: Signal=HOLD, OR High=967.0, OR Low=964.0
2025-09-22 13:14:11,542 - INFO - Status Updated: Signal=HOLD, OR High=967.0, OR Low=964.0
2025-09-22 13:15:11,652 - INFO - Status Updated: Signal=HOLD, OR High=967.0, OR Low=964.0
2025-09-22 13:16:11,851 - INFO - Status Updated: Signal=HOLD, OR High=967.0, OR Low=964.0
2025-09-22 13:17:12,057 - INFO - Status Updated: Signal=HOLD, OR High=967.0, OR Low=964.0
2025-09-22 13:18:12,197 - INFO - Status Updated: Signal=HOLD, OR High=967.0, OR Low=964.0
2025-09-22 13:19:12,353 - INFO - Status Updated: Signal=HOLD, OR High=967.0, OR Low=964.0
2025-09-22 13:20:12,497 - INFO - Status Updated: Signal=HOLD, OR High=967.0, OR Low=964.0
2025-09-22 13:21:12,622 - INFO - Status Updated: Signal=HOLD, OR High=967.0, OR Low=964.0
2025-09-22 13:22:12,759 - INFO - Status Updated: Signal=HOLD, OR High=967.0, OR Low=964.0
2025-09-22 13:23:12,912 - INFO - Status Updated: Signal=HOLD, OR High=967.0, OR Low=964.0
2025-09-22 13:24:13,032 - INFO - Status Updated: Signal=HOLD, OR High=967.0, OR Low=964.0
2025-09-22 13:25:13,155 - INFO - Status Updated: Signal=HOLD, OR High=967.0, OR Low=964.0
2025-09-22 13:26:13,286 - INFO - Status Updated: Signal=HOLD, OR High=967.0, OR Low=964.0
2025-09-22 13:27:13,405 - INFO - Status Updated: Signal=HOLD, OR High=967.0, OR Low=964.0
2025-09-22 13:28:13,544 - INFO - Status Updated: Signal=HOLD, OR High=967.0, OR Low=964.0
2025-09-22 13:29:13,690 - INFO - Status Updated: Signal=HOLD, OR High=967.0, OR Low=964.0
2025-09-22 13:30:13,871 - INFO - Status Updated: Signal=HOLD, OR High=967.0, OR Low=964.0
2025-09-22 13:31:14,007 - INFO - Status Updated: Signal=HOLD, OR High=967.0, OR Low=964.0
2025-09-22 13:32:14,134 - INFO - Status Updated: Signal=HOLD, OR High=967.0, OR Low=964.0
2025-09-22 13:33:14,261 - INFO - Status Updated: Signal=HOLD, OR High=967.0, OR Low=964.0
2025-09-22 13:34:14,392 - INFO - Status Updated: Signal=HOLD, OR High=967.0, OR Low=964.0
2025-09-22 13:35:14,523 - INFO - Status Updated: Signal=HOLD, OR High=967.0, OR Low=964.0
2025-09-22 13:36:14,649 - INFO - Status Updated: Signal=HOLD, OR High=967.0, OR Low=964.0
2025-09-22 13:37:14,803 - INFO - Status Updated: Signal=HOLD, OR High=967.0, OR Low=964.0
2025-09-22 13:38:15,002 - INFO - Status Updated: Signal=HOLD, OR High=967.0, OR Low=964.0
2025-09-22 13:39:15,192 - INFO - Status Updated: Signal=HOLD, OR High=967.0, OR Low=964.0
2025-09-22 13:40:15,336 - INFO - Status Updated: Signal=HOLD, OR High=967.0, OR Low=964.0
2025-09-22 13:41:15,458 - INFO - Status Updated: Signal=HOLD, OR High=967.0, OR Low=964.0
2025-09-22 13:42:15,579 - INFO - Status Updated: Signal=HOLD, OR High=967.0, OR Low=964.0
2025-09-22 13:43:15,729 - INFO - Status Updated: Signal=HOLD, OR High=967.0, OR Low=964.0
2025-09-22 13:44:15,857 - INFO - Status Updated: Signal=HOLD, OR High=967.0, OR Low=964.0
2025-09-22 13:45:16,121 - INFO - Status Updated: Signal=HOLD, OR High=967.0, OR Low=964.0
2025-09-22 13:46:16,268 - INFO - Status Updated: Signal=HOLD, OR High=967.0, OR Low=964.0
2025-09-22 13:47:16,376 - INFO - Status Updated: Signal=HOLD, OR High=967.0, OR Low=964.0
2025-09-22 13:48:16,578 - INFO - Status Updated: Signal=HOLD, OR High=967.0, OR Low=964.0
2025-09-22 13:49:16,738 - INFO - Status Updated: Signal=HOLD, OR High=967.0, OR Low=964.0
2025-09-22 13:50:16,859 - INFO - Status Updated: Signal=HOLD, OR High=967.0, OR Low=964.0
2025-09-22 13:51:17,100 - INFO - Status Updated: Signal=HOLD, OR High=967.0, OR Low=964.0
2025-09-22 13:52:17,722 - INFO - Status Updated: Signal=HOLD, OR High=967.0, OR Low=964.0
2025-09-22 13:53:18,008 - INFO - Status Updated: Signal=HOLD, OR High=967.0, OR Low=964.0
2025-09-22 13:54:18,178 - INFO - Status Updated: Signal=HOLD, OR High=967.0, OR Low=964.0
2025-09-22 13:55:18,359 - INFO - Status Updated: Signal=HOLD, OR High=967.0, OR Low=964.0
2025-09-22 13:56:18,545 - INFO - Status Updated: Signal=HOLD, OR High=967.0, OR Low=964.0
2025-09-22 13:57:18,706 - INFO - Status Updated: Signal=HOLD, OR High=967.0, OR Low=964.0
2025-09-22 13:58:19,120 - INFO - Status Updated: Signal=HOLD, OR High=967.0, OR Low=964.0
2025-09-22 13:59:19,302 - INFO - Status Updated: Signal=HOLD, OR High=967.0, OR Low=964.0
2025-09-22 14:00:19,460 - INFO - Status Updated: Signal=HOLD, OR High=967.0, OR Low=964.0
2025-09-22 14:01:19,648 - INFO - Status Updated: Signal=HOLD, OR High=967.0, OR Low=964.0
2025-09-22 14:02:19,861 - INFO - Status Updated: Signal=HOLD, OR High=967.0, OR Low=964.0
2025-09-22 14:03:20,128 - INFO - Status Updated: Signal=HOLD, OR High=967.0, OR Low=964.0
2025-09-22 14:04:20,303 - INFO - Status Updated: Signal=HOLD, OR High=967.0, OR Low=964.0
2025-09-22 14:05:20,752 - INFO - Status Updated: Signal=HOLD, OR High=967.0, OR Low=964.0
2025-09-22 14:06:20,920 - INFO - Status Updated: Signal=HOLD, OR High=967.0, OR Low=964.0
2025-09-22 14:07:21,168 - INFO - Status Updated: Signal=HOLD, OR High=967.0, OR Low=964.0
2025-09-22 14:08:21,336 - INFO - Status Updated: Signal=HOLD, OR High=967.0, OR Low=964.0
2025-09-22 14:09:21,506 - INFO - Status Updated: Signal=HOLD, OR High=967.0, OR Low=964.0
2025-09-22 14:10:21,671 - INFO - Status Updated: Signal=HOLD, OR High=967.0, OR Low=964.0
2025-09-22 14:11:21,843 - INFO - Status Updated: Signal=HOLD, OR High=967.0, OR Low=964.0
2025-09-22 14:12:22,029 - INFO - Status Updated: Signal=HOLD, OR High=967.0, OR Low=964.0
2025-09-22 14:13:22,218 - INFO - Status Updated: Signal=HOLD, OR High=967.0, OR Low=964.0
2025-09-22 14:14:22,422 - INFO - Status Updated: Signal=HOLD, OR High=967.0, OR Low=964.0
2025-09-22 14:15:22,623 - INFO - Status Updated: Signal=HOLD, OR High=967.0, OR Low=964.0
2025-09-22 14:16:22,833 - INFO - Status Updated: Signal=HOLD, OR High=967.0, OR Low=964.0
2025-09-22 14:17:23,036 - INFO - Status Updated: Signal=HOLD, OR High=967.0, OR Low=964.0
2025-09-22 14:18:23,226 - INFO - Status Updated: Signal=HOLD, OR High=967.0, OR Low=964.0
2025-09-22 14:19:23,451 - INFO - Status Updated: Signal=HOLD, OR High=967.0, OR Low=964.0
2025-09-22 14:20:23,651 - INFO - Status Updated: Signal=HOLD, OR High=967.0, OR Low=964.0
2025-09-22 14:21:23,855 - INFO - Status Updated: Signal=HOLD, OR High=967.0, OR Low=964.0
2025-09-22 14:22:24,042 - INFO - Status Updated: Signal=HOLD, OR High=967.0, OR Low=964.0
2025-09-22 14:23:24,239 - INFO - Status Updated: Signal=HOLD, OR High=967.0, OR Low=964.0
2025-09-22 14:24:24,482 - INFO - Status Updated: Signal=HOLD, OR High=967.0, OR Low=964.0
2025-09-22 14:25:24,675 - INFO - Status Updated: Signal=HOLD, OR High=967.0, OR Low=964.0
2025-09-22 14:26:24,879 - INFO - Status Updated: Signal=HOLD, OR High=967.0, OR Low=964.0
2025-09-22 14:27:25,274 - INFO - Status Updated: Signal=HOLD, OR High=967.0, OR Low=964.0
2025-09-22 14:28:25,487 - INFO - Status Updated: Signal=HOLD, OR High=967.0, OR Low=964.0
2025-09-22 14:29:25,682 - INFO - Status Updated: Signal=HOLD, OR High=967.0, OR Low=964.0
2025-09-22 14:30:25,874 - INFO - Status Updated: Signal=HOLD, OR High=967.0, OR Low=964.0
2025-09-22 14:31:26,061 - INFO - Status Updated: Signal=HOLD, OR High=967.0, OR Low=964.0
2025-09-22 14:32:26,237 - INFO - Status Updated: Signal=HOLD, OR High=967.0, OR Low=964.0
2025-09-22 14:33:26,492 - INFO - Status Updated: Signal=HOLD, OR High=967.0, OR Low=964.0
2025-09-22 14:34:26,711 - INFO - Status Updated: Signal=HOLD, OR High=967.0, OR Low=964.0
2025-09-22 14:35:26,919 - INFO - Status Updated: Signal=HOLD, OR High=967.0, OR Low=964.0
2025-09-22 14:36:27,096 - INFO - Status Updated: Signal=HOLD, OR High=967.0, OR Low=964.0
2025-09-22 14:37:27,281 - INFO - Status Updated: Signal=HOLD, OR High=967.0, OR Low=964.0
2025-09-22 14:38:27,502 - INFO - Status Updated: Signal=HOLD, OR High=967.0, OR Low=964.0
2025-09-22 14:39:27,681 - INFO - Status Updated: Signal=HOLD, OR High=967.0, OR Low=964.0
2025-09-22 14:40:27,889 - INFO - Status Updated: Signal=HOLD, OR High=967.0, OR Low=964.0
2025-09-22 14:41:37,155 - INFO - Status Updated: Signal=HOLD, OR High=967.0, OR Low=964.0
2025-09-22 14:42:52,146 - INFO - Status Updated: Signal=HOLD, OR High=967.0, OR Low=964.0
2025-09-22 14:43:59,489 - INFO - Status Updated: Signal=HOLD, OR High=967.0, OR Low=964.0
2025-09-22 14:45:13,115 - ERROR - Upstox API Exception: Service Temporarily Unavailable
2025-09-22 14:46:13,524 - INFO - Status Updated: Signal=HOLD, OR High=967.0, OR Low=964.0
2025-09-22 14:47:14,134 - INFO - Status Updated: Signal=HOLD, OR High=967.0, OR Low=964.0
2025-09-22 14:48:14,267 - INFO - Status Updated: Signal=HOLD, OR High=967.0, OR Low=964.0
2025-09-22 14:49:14,382 - INFO - Status Updated: Signal=HOLD, OR High=967.0, OR Low=964.0
2025-09-22 14:50:14,784 - INFO - Status Updated: Signal=HOLD, OR High=967.0, OR Low=964.0
2025-09-22 14:51:14,958 - INFO - Status Updated: Signal=HOLD, OR High=967.0, OR Low=964.0
2025-09-22 14:52:15,116 - INFO - Status Updated: Signal=HOLD, OR High=967.0, OR Low=964.0
2025-09-22 14:53:15,270 - INFO - Status Updated: Signal=HOLD, OR High=967.0, OR Low=964.0
2025-09-22 14:54:15,425 - INFO - Status Updated: Signal=HOLD, OR High=967.0, OR Low=964.0
2025-09-22 14:55:15,577 - INFO - Status Updated: Signal=HOLD, OR High=967.0, OR Low=964.0
2025-09-22 14:56:15,724 - INFO - Status Updated: Signal=HOLD, OR High=967.0, OR Low=964.0
2025-09-22 14:57:15,881 - INFO - Status Updated: Signal=HOLD, OR High=967.0, OR Low=964.0
2025-09-22 14:58:16,033 - INFO - Status Updated: Signal=HOLD, OR High=967.0, OR Low=964.0
2025-09-22 14:59:16,191 - INFO - Status Updated: Signal=HOLD, OR High=967.0, OR Low=964.0
2025-09-22 15:00:16,373 - INFO - Status Updated: Signal=HOLD, OR High=967.0, OR Low=964.0
2025-09-22 15:01:16,519 - INFO - Status Updated: Signal=HOLD, OR High=967.0, OR Low=964.0
2025-09-22 15:02:16,678 - INFO - Status Updated: Signal=HOLD, OR High=967.0, OR Low=964.0
2025-09-22 15:03:16,841 - INFO - Status Updated: Signal=HOLD, OR High=967.0, OR Low=964.0
2025-09-22 15:04:17,019 - INFO - Status Updated: Signal=HOLD, OR High=967.0, OR Low=964.0
2025-09-22 15:05:17,172 - INFO - Status Updated: Signal=HOLD, OR High=967.0, OR Low=964.0
2025-09-22 15:06:17,322 - INFO - Status Updated: Signal=HOLD, OR High=967.0, OR Low=964.0
2025-09-22 15:07:17,486 - INFO - Status Updated: Signal=HOLD, OR High=967.0, OR Low=964.0
2025-09-22 15:08:17,656 - INFO - Status Updated: Signal=HOLD, OR High=967.0, OR Low=964.0
2025-09-22 15:09:17,821 - INFO - Status Updated: Signal=HOLD, OR High=967.0, OR Low=964.0
2025-09-22 15:10:18,014 - INFO - Status Updated: Signal=HOLD, OR High=967.0, OR Low=964.0
2025-09-22 15:11:18,174 - INFO - Status Updated: Signal=HOLD, OR High=967.0, OR Low=964.0
2025-09-22 15:12:18,332 - INFO - Status Updated: Signal=HOLD, OR High=967.0, OR Low=964.0
2025-09-22 15:13:18,506 - INFO - Status Updated: Signal=HOLD, OR High=967.0, OR Low=964.0
2025-09-22 15:14:18,690 - INFO - Status Updated: Signal=HOLD, OR High=967.0, OR Low=964.0
2025-09-22 15:15:18,840 - INFO - Status Updated: Signal=HOLD, OR High=967.0, OR Low=964.0
2025-09-22 15:16:19,001 - INFO - Status Updated: Signal=HOLD, OR High=967.0, OR Low=964.0
2025-09-22 15:17:19,184 - INFO - Status Updated: Signal=HOLD, OR High=967.0, OR Low=964.0
2025-09-22 15:18:19,350 - INFO - Status Updated: Signal=HOLD, OR High=967.0, OR Low=964.0
2025-09-22 15:19:19,508 - INFO - Status Updated: Signal=HOLD, OR High=967.0, OR Low=964.0
2025-09-22 15:20:19,667 - INFO - Status Updated: Signal=HOLD, OR High=967.0, OR Low=964.0
2025-09-22 15:21:19,844 - INFO - Status Updated: Signal=HOLD, OR High=967.0, OR Low=964.0
2025-09-22 15:22:20,005 - INFO - Status Updated: Signal=HOLD, OR High=967.0, OR Low=964.0
2025-09-22 15:23:20,174 - INFO - Status Updated: Signal=HOLD, OR High=967.0, OR Low=964.0
2025-09-22 15:24:20,321 - INFO - Status Updated: Signal=HOLD, OR High=967.0, OR Low=964.0
2025-09-22 15:25:20,461 - INFO - Status Updated: Signal=HOLD, OR High=967.0, OR Low=964.0
2025-09-22 15:26:20,613 - INFO - Status Updated: Signal=HOLD, OR High=967.0, OR Low=964.0
2025-09-22 15:27:20,782 - INFO - Status Updated: Signal=HOLD, OR High=967.0, OR Low=964.0
2025-09-22 15:28:20,944 - INFO - Status Updated: Signal=HOLD, OR High=967.0, OR Low=964.0
2025-09-22 15:29:21,108 - INFO - Status Updated: Signal=HOLD, OR High=967.0, OR Low=964.0
Traceback (most recent call last):
  File "C:\AITA-Project\live_agent_orb.py", line 103, in <module>
    time.sleep(60) # Wait for the next minute
    ^^^^^^^^^^^^^^
KeyboardInterrupt
^C